1516649412|/mysite.local/|http://localhost/
1516649417|/mysite.local/index.php?id=log|http://localhost/mysite.local/
1516649422|/mysite.local/index.php?id=contact|http://localhost/mysite.local/index.php?id=log
1516649424|/mysite.local/index.php|http://localhost/mysite.local/index.php?id=contact
1516649425|/mysite.local/index.php?id=about|http://localhost/mysite.local/index.php
1516649426|/mysite.local/index.php?id=contact|http://localhost/mysite.local/index.php?id=about
1516649427|/mysite.local/index.php|http://localhost/mysite.local/index.php?id=contact
1516649427|/mysite.local/index.php?id=info|http://localhost/mysite.local/index.php
1516649429|/mysite.local/index.php?id=gbook|http://localhost/mysite.local/index.php?id=info
1516649827|/mysite.local/index.php?id=contact|http://localhost/mysite.local/index.php?id=gbook
1516649832|/mysite.local/index.php|http://localhost/mysite.local/test/index.php
1516649837|/mysite.local/index.php|http://localhost/mysite.local/index.php
1516783309|/mysite.local/|http://localhost/
1516783312|/mysite.local/index.php|http://localhost/mysite.local/
1516783313|/mysite.local/index.php?id=about|http://localhost/mysite.local/index.php
1516783314|/mysite.local/index.php?id=info|http://localhost/mysite.local/index.php?id=about
1516783314|/mysite.local/index.php?id=gbook|http://localhost/mysite.local/index.php?id=info
1516783315|/mysite.local/index.php?id=info|http://localhost/mysite.local/index.php?id=gbook
1516783315|/mysite.local/index.php?id=about|http://localhost/mysite.local/index.php?id=info
1516783317|/mysite.local/index.php?id=info|http://localhost/mysite.local/index.php?id=about
1516783317|/mysite.local/index.php?id=gbook|http://localhost/mysite.local/index.php?id=info
1516783318|/mysite.local/index.php?id=log|http://localhost/mysite.local/index.php?id=gbook
1516783502|/mysite.local/index.php?id=contact|http://localhost/mysite.local/index.php?id=log
1516783503|/mysite.local/index.php?id=about|http://localhost/mysite.local/index.php?id=contact
1516783503|/mysite.local/index.php?id=info|http://localhost/mysite.local/index.php?id=about
1516783504|/mysite.local/index.php?id=gbook|http://localhost/mysite.local/index.php?id=info
1516783505|/mysite.local/index.php?id=log|http://localhost/mysite.local/index.php?id=gbook
1516783510|/mysite.local/index.php?id=gbook|http://localhost/mysite.local/index.php?id=log
1516783511|/mysite.local/index.php?id=gbook|http://localhost/mysite.local/index.php?id=gbook
1516791272|/mysite.local/index.php|http://localhost/mysite.local/index.php?id=gbook||
1516791273|/mysite.local/index.php?id=about|http://localhost/mysite.local/index.php||
1516791273|/mysite.local/index.php?id=info|http://localhost/mysite.local/index.php?id=about||
1516791281|/mysite.local/index.php?id=log|http://localhost/mysite.local/index.php?id=info||
1516791287|/mysite.local/index.php?id=log|http://localhost/mysite.local/index.php?id=log||
1516791292|/mysite.local/index.php?id=info|http://localhost/mysite.local/index.php?id=log||
1516791294|/mysite.local/index.php?id=contact|http://localhost/mysite.local/index.php?id=info||
1516793396|/mysite.local/index.php?id=log|http://localhost/mysite.local/index.php||
1516793416|/mysite.local/index.php?id=contact|http://localhost/mysite.local/index.php?id=log||
1516793418|/mysite.local/index.php?id=info|http://localhost/mysite.local/index.php?id=contact||
1516793420|/mysite.local/index.php?id=log|http://localhost/mysite.local/index.php?id=info||
1516793476|/mysite.local/index.php?id=log|http://localhost/mysite.local/index.php?id=info||
1516793485|/mysite.local/index.php?id=contact|http://localhost/mysite.local/index.php?id=log||
1516793488|/mysite.local/index.php?id=log|http://localhost/mysite.local/index.php?id=contact||
1516793788|/mysite.local/index.php?id=contact|http://localhost/mysite.local/index.php?id=contact,
1516793789|/mysite.local/index.php?id=about|http://localhost/mysite.local/index.php?id=contact,
1516793789|/mysite.local/index.php?id=info|http://localhost/mysite.local/index.php?id=about,
1516793793|/mysite.local/index.php?id=log|http://localhost/mysite.local/index.php?id=info,
1516793859|/mysite.local/index.php|http://localhost/mysite.local/index.php?id=log,
1516793859|/mysite.local/index.php?id=contact|http://localhost/mysite.local/index.php,
1516793860|/mysite.local/index.php?id=about|http://localhost/mysite.local/index.php?id=contact,
1516793860|/mysite.local/index.php|http://localhost/mysite.local/index.php?id=about,
1516793867|/mysite.local/index.php?id=log|http://localhost/mysite.local/index.php,
1516910357|/mysite.local/|http://localhost/,
1516991164|/mysite.local/|http://localhost/,
1516991846|/mysite.local/|http://localhost/,
1517162090|/mysite.local/|http://localhost/,
1517164802|/mysite.local/|http://localhost/,
1517245959|/mysite.local/|http://localhost/,
1522946403|/BORISOV/2018/PHP_LEVEL2/mysite.local/|http://localhost/BORISOV/2018/PHP_LEVEL2/,
1522946423|/BORISOV/2018/PHP_LEVEL2/mysite.local/|http://localhost/BORISOV/2018/PHP_LEVEL2/,
1543465304|/BORISOV/2018/PHP_LEVEL2/mysite.local/|http://localhost/BORISOV/2018/PHP_LEVEL2/,
1543465310|/BORISOV/2018/PHP_LEVEL2/mysite.local/index.php|http://localhost/BORISOV/2018/PHP_LEVEL2/mysite.local/,
1543465313|/BORISOV/2018/PHP_LEVEL2/mysite.local/index.php?id=info|http://localhost/BORISOV/2018/PHP_LEVEL2/mysite.local/index.php,
1544181918|/BORISOV/2018/PHP_LEVEL2/mysite.local/|http://localhost/BORISOV/2018/PHP_LEVEL2/,
1544181923|/BORISOV/2018/PHP_LEVEL2/mysite.local/index.php|http://localhost/BORISOV/2018/PHP_LEVEL2/mysite.local/,
1544181924|/BORISOV/2018/PHP_LEVEL2/mysite.local/index.php?id=contact|http://localhost/BORISOV/2018/PHP_LEVEL2/mysite.local/index.php,
1544181929|/BORISOV/2018/PHP_LEVEL2/mysite.local/index.php?id=about|http://localhost/BORISOV/2018/PHP_LEVEL2/mysite.local/index.php?id=contact,
